  MainFile.cpp
C:\Users\mario\Documents\GitHub\CGJ_MicroMachines\CGJApp\CGJApp\MainFile.cpp(683,103): warning C4244: 'argumento': conversão de 'int' para 'float', possível perda de dados
C:\Users\mario\Documents\GitHub\CGJ_MicroMachines\CGJApp\CGJApp\MainFile.cpp(683,70): warning C4244: 'argumento': conversão de 'int' para 'float', possível perda de dados
C:\Users\mario\Documents\GitHub\CGJ_MicroMachines\CGJApp\CGJApp\MainFile.cpp(683,53): warning C4244: 'argumento': conversão de 'int' para 'float', possível perda de dados
C:\Users\mario\Documents\GitHub\CGJ_MicroMachines\CGJApp\CGJApp\MainFile.cpp(683,20): warning C4244: 'argumento': conversão de 'int' para 'float', possível perda de dados
C:\Users\mario\Documents\GitHub\CGJ_MicroMachines\CGJApp\CGJApp\MainFile.cpp(546,8): warning C4101: 'loc': variável local não referenciada
C:\Users\mario\Documents\GitHub\CGJ_MicroMachines\CGJApp\CGJApp\MainFile.cpp(910,34): warning C4244: 'argumento': conversão de 'int' para 'float', possível perda de dados
C:\Users\mario\Documents\GitHub\CGJ_MicroMachines\CGJApp\CGJApp\MainFile.cpp(910,28): warning C4244: 'argumento': conversão de 'int' para 'float', possível perda de dados
C:\Users\mario\Documents\GitHub\CGJ_MicroMachines\CGJApp\CGJApp\MainFile.cpp(977,18): warning C4305: 'inicializando': truncamento de 'double' para 'float'
C:\Users\mario\Documents\GitHub\CGJ_MicroMachines\CGJApp\CGJApp\MainFile.cpp(1037,86): warning C4267: 'argumento': conversão de 'size_t' para 'int', possível perda de dados
C:\Users\mario\Documents\GitHub\CGJ_MicroMachines\CGJApp\CGJApp\MainFile.cpp(1044,85): warning C4267: 'argumento': conversão de 'size_t' para 'int', possível perda de dados
C:\Users\mario\Documents\GitHub\CGJ_MicroMachines\CGJApp\CGJApp\MainFile.cpp(1052,86): warning C4267: 'argumento': conversão de 'size_t' para 'int', possível perda de dados
C:\Users\mario\Documents\GitHub\CGJ_MicroMachines\CGJApp\CGJApp\MainFile.cpp(1059,85): warning C4267: 'argumento': conversão de 'size_t' para 'int', possível perda de dados
C:\Users\mario\Documents\GitHub\CGJ_MicroMachines\CGJApp\CGJApp\MainFile.cpp(1066,86): warning C4267: 'argumento': conversão de 'size_t' para 'int', possível perda de dados
C:\Users\mario\Documents\GitHub\CGJ_MicroMachines\CGJApp\CGJApp\MainFile.cpp(1073,85): warning C4267: 'argumento': conversão de 'size_t' para 'int', possível perda de dados
C:\Users\mario\Documents\GitHub\CGJ_MicroMachines\CGJApp\CGJApp\MainFile.cpp(1081,86): warning C4267: 'argumento': conversão de 'size_t' para 'int', possível perda de dados
C:\Users\mario\Documents\GitHub\CGJ_MicroMachines\CGJApp\CGJApp\MainFile.cpp(1088,85): warning C4267: 'argumento': conversão de 'size_t' para 'int', possível perda de dados
C:\Users\mario\Documents\GitHub\CGJ_MicroMachines\CGJApp\CGJApp\MainFile.cpp(1112,69): warning C4267: 'argumento': conversão de 'size_t' para 'int', possível perda de dados
C:\Users\mario\Documents\GitHub\CGJ_MicroMachines\CGJApp\CGJApp\MainFile.cpp(1118,69): warning C4267: 'argumento': conversão de 'size_t' para 'int', possível perda de dados
C:\Users\mario\Documents\GitHub\CGJ_MicroMachines\CGJApp\CGJApp\MainFile.cpp(1124,69): warning C4267: 'argumento': conversão de 'size_t' para 'int', possível perda de dados
C:\Users\mario\Documents\GitHub\CGJ_MicroMachines\CGJApp\CGJApp\MainFile.cpp(1130,69): warning C4267: 'argumento': conversão de 'size_t' para 'int', possível perda de dados
C:\Users\mario\Documents\GitHub\CGJ_MicroMachines\CGJApp\CGJApp\MainFile.cpp(1137,69): warning C4267: 'argumento': conversão de 'size_t' para 'int', possível perda de dados
C:\Users\mario\Documents\GitHub\CGJ_MicroMachines\CGJApp\CGJApp\MainFile.cpp(1143,69): warning C4267: 'argumento': conversão de 'size_t' para 'int', possível perda de dados
C:\Users\mario\Documents\GitHub\CGJ_MicroMachines\CGJApp\CGJApp\MainFile.cpp(1150,69): warning C4267: 'argumento': conversão de 'size_t' para 'int', possível perda de dados
C:\Users\mario\Documents\GitHub\CGJ_MicroMachines\CGJApp\CGJApp\MainFile.cpp(1171,68): warning C4267: 'argumento': conversão de 'size_t' para 'int', possível perda de dados
C:\Users\mario\Documents\GitHub\CGJ_MicroMachines\CGJApp\CGJApp\MainFile.cpp(1176,68): warning C4267: 'argumento': conversão de 'size_t' para 'int', possível perda de dados
C:\Users\mario\Documents\GitHub\CGJ_MicroMachines\CGJApp\CGJApp\MainFile.cpp(1183,68): warning C4267: 'argumento': conversão de 'size_t' para 'int', possível perda de dados
C:\Users\mario\Documents\GitHub\CGJ_MicroMachines\CGJApp\CGJApp\MainFile.cpp(1188,68): warning C4267: 'argumento': conversão de 'size_t' para 'int', possível perda de dados
C:\Users\mario\Documents\GitHub\CGJ_MicroMachines\CGJApp\CGJApp\MainFile.cpp(1195,68): warning C4267: 'argumento': conversão de 'size_t' para 'int', possível perda de dados
C:\Users\mario\Documents\GitHub\CGJ_MicroMachines\CGJApp\CGJApp\MainFile.cpp(1200,68): warning C4267: 'argumento': conversão de 'size_t' para 'int', possível perda de dados
C:\Users\mario\Documents\GitHub\CGJ_MicroMachines\CGJApp\CGJApp\MainFile.cpp(1207,68): warning C4267: 'argumento': conversão de 'size_t' para 'int', possível perda de dados
C:\Users\mario\Documents\GitHub\CGJ_MicroMachines\CGJApp\CGJApp\MainFile.cpp(1212,68): warning C4267: 'argumento': conversão de 'size_t' para 'int', possível perda de dados
C:\Users\mario\Documents\GitHub\CGJ_MicroMachines\CGJApp\CGJApp\MainFile.cpp(1219,68): warning C4267: 'argumento': conversão de 'size_t' para 'int', possível perda de dados
C:\Users\mario\Documents\GitHub\CGJ_MicroMachines\CGJApp\CGJApp\MainFile.cpp(1224,68): warning C4267: 'argumento': conversão de 'size_t' para 'int', possível perda de dados
C:\Users\mario\Documents\GitHub\CGJ_MicroMachines\CGJApp\CGJApp\MainFile.cpp(1231,68): warning C4267: 'argumento': conversão de 'size_t' para 'int', possível perda de dados
C:\Users\mario\Documents\GitHub\CGJ_MicroMachines\CGJApp\CGJApp\MainFile.cpp(1236,68): warning C4267: 'argumento': conversão de 'size_t' para 'int', possível perda de dados
C:\Users\mario\Documents\GitHub\CGJ_MicroMachines\CGJApp\CGJApp\MainFile.cpp(1243,68): warning C4267: 'argumento': conversão de 'size_t' para 'int', possível perda de dados
C:\Users\mario\Documents\GitHub\CGJ_MicroMachines\CGJApp\CGJApp\MainFile.cpp(1248,68): warning C4267: 'argumento': conversão de 'size_t' para 'int', possível perda de dados
C:\Users\mario\Documents\GitHub\CGJ_MicroMachines\CGJApp\CGJApp\MainFile.cpp(1255,68): warning C4267: 'argumento': conversão de 'size_t' para 'int', possível perda de dados
C:\Users\mario\Documents\GitHub\CGJ_MicroMachines\CGJApp\CGJApp\MainFile.cpp(1260,68): warning C4267: 'argumento': conversão de 'size_t' para 'int', possível perda de dados
C:\Users\mario\Documents\GitHub\CGJ_MicroMachines\CGJApp\CGJApp\MainFile.cpp(1267,68): warning C4267: 'argumento': conversão de 'size_t' para 'int', possível perda de dados
C:\Users\mario\Documents\GitHub\CGJ_MicroMachines\CGJApp\CGJApp\MainFile.cpp(1272,68): warning C4267: 'argumento': conversão de 'size_t' para 'int', possível perda de dados
C:\Users\mario\Documents\GitHub\CGJ_MicroMachines\CGJApp\CGJApp\MainFile.cpp(1279,68): warning C4267: 'argumento': conversão de 'size_t' para 'int', possível perda de dados
C:\Users\mario\Documents\GitHub\CGJ_MicroMachines\CGJApp\CGJApp\MainFile.cpp(1284,68): warning C4267: 'argumento': conversão de 'size_t' para 'int', possível perda de dados
C:\Users\mario\Documents\GitHub\CGJ_MicroMachines\CGJApp\CGJApp\MainFile.cpp(1291,68): warning C4267: 'argumento': conversão de 'size_t' para 'int', possível perda de dados
C:\Users\mario\Documents\GitHub\CGJ_MicroMachines\CGJApp\CGJApp\MainFile.cpp(1296,68): warning C4267: 'argumento': conversão de 'size_t' para 'int', possível perda de dados
C:\Users\mario\Documents\GitHub\CGJ_MicroMachines\CGJApp\CGJApp\MainFile.cpp(1303,69): warning C4267: 'argumento': conversão de 'size_t' para 'int', possível perda de dados
C:\Users\mario\Documents\GitHub\CGJ_MicroMachines\CGJApp\CGJApp\MainFile.cpp(1309,69): warning C4267: 'argumento': conversão de 'size_t' para 'int', possível perda de dados
C:\Users\mario\Documents\GitHub\CGJ_MicroMachines\CGJApp\CGJApp\MainFile.cpp(1315,69): warning C4267: 'argumento': conversão de 'size_t' para 'int', possível perda de dados
C:\Users\mario\Documents\GitHub\CGJ_MicroMachines\CGJApp\CGJApp\MainFile.cpp(1321,69): warning C4267: 'argumento': conversão de 'size_t' para 'int', possível perda de dados
C:\Users\mario\Documents\GitHub\CGJ_MicroMachines\CGJApp\CGJApp\MainFile.cpp(1327,69): warning C4267: 'argumento': conversão de 'size_t' para 'int', possível perda de dados
C:\Users\mario\Documents\GitHub\CGJ_MicroMachines\CGJApp\CGJApp\MainFile.cpp(1333,69): warning C4267: 'argumento': conversão de 'size_t' para 'int', possível perda de dados
C:\Users\mario\Documents\GitHub\CGJ_MicroMachines\CGJApp\CGJApp\MainFile.cpp(1339,69): warning C4267: 'argumento': conversão de 'size_t' para 'int', possível perda de dados
C:\Users\mario\Documents\GitHub\CGJ_MicroMachines\CGJApp\CGJApp\MainFile.cpp(1351,68): warning C4267: 'argumento': conversão de 'size_t' para 'int', possível perda de dados
C:\Users\mario\Documents\GitHub\CGJ_MicroMachines\CGJApp\CGJApp\MainFile.cpp(1356,68): warning C4267: 'argumento': conversão de 'size_t' para 'int', possível perda de dados
C:\Users\mario\Documents\GitHub\CGJ_MicroMachines\CGJApp\CGJApp\MainFile.cpp(1363,68): warning C4267: 'argumento': conversão de 'size_t' para 'int', possível perda de dados
C:\Users\mario\Documents\GitHub\CGJ_MicroMachines\CGJApp\CGJApp\MainFile.cpp(1368,68): warning C4267: 'argumento': conversão de 'size_t' para 'int', possível perda de dados
C:\Users\mario\Documents\GitHub\CGJ_MicroMachines\CGJApp\CGJApp\MainFile.cpp(1375,68): warning C4267: 'argumento': conversão de 'size_t' para 'int', possível perda de dados
C:\Users\mario\Documents\GitHub\CGJ_MicroMachines\CGJApp\CGJApp\MainFile.cpp(1380,68): warning C4267: 'argumento': conversão de 'size_t' para 'int', possível perda de dados
C:\Users\mario\Documents\GitHub\CGJ_MicroMachines\CGJApp\CGJApp\MainFile.cpp(1387,68): warning C4267: 'argumento': conversão de 'size_t' para 'int', possível perda de dados
C:\Users\mario\Documents\GitHub\CGJ_MicroMachines\CGJApp\CGJApp\MainFile.cpp(1392,68): warning C4267: 'argumento': conversão de 'size_t' para 'int', possível perda de dados
C:\Users\mario\Documents\GitHub\CGJ_MicroMachines\CGJApp\CGJApp\MainFile.cpp(1399,68): warning C4267: 'argumento': conversão de 'size_t' para 'int', possível perda de dados
C:\Users\mario\Documents\GitHub\CGJ_MicroMachines\CGJApp\CGJApp\MainFile.cpp(1404,68): warning C4267: 'argumento': conversão de 'size_t' para 'int', possível perda de dados
C:\Users\mario\Documents\GitHub\CGJ_MicroMachines\CGJApp\CGJApp\MainFile.cpp(1411,68): warning C4267: 'argumento': conversão de 'size_t' para 'int', possível perda de dados
C:\Users\mario\Documents\GitHub\CGJ_MicroMachines\CGJApp\CGJApp\MainFile.cpp(1416,68): warning C4267: 'argumento': conversão de 'size_t' para 'int', possível perda de dados
C:\Users\mario\Documents\GitHub\CGJ_MicroMachines\CGJApp\CGJApp\MainFile.cpp(1423,68): warning C4267: 'argumento': conversão de 'size_t' para 'int', possível perda de dados
C:\Users\mario\Documents\GitHub\CGJ_MicroMachines\CGJApp\CGJApp\MainFile.cpp(1428,68): warning C4267: 'argumento': conversão de 'size_t' para 'int', possível perda de dados
C:\Users\mario\Documents\GitHub\CGJ_MicroMachines\CGJApp\CGJApp\MainFile.cpp(1435,68): warning C4267: 'argumento': conversão de 'size_t' para 'int', possível perda de dados
C:\Users\mario\Documents\GitHub\CGJ_MicroMachines\CGJApp\CGJApp\MainFile.cpp(1440,68): warning C4267: 'argumento': conversão de 'size_t' para 'int', possível perda de dados
C:\Users\mario\Documents\GitHub\CGJ_MicroMachines\CGJApp\CGJApp\MainFile.cpp(1447,68): warning C4267: 'argumento': conversão de 'size_t' para 'int', possível perda de dados
C:\Users\mario\Documents\GitHub\CGJ_MicroMachines\CGJApp\CGJApp\MainFile.cpp(1452,68): warning C4267: 'argumento': conversão de 'size_t' para 'int', possível perda de dados
C:\Users\mario\Documents\GitHub\CGJ_MicroMachines\CGJApp\CGJApp\MainFile.cpp(1460,69): warning C4267: 'argumento': conversão de 'size_t' para 'int', possível perda de dados
C:\Users\mario\Documents\GitHub\CGJ_MicroMachines\CGJApp\CGJApp\MainFile.cpp(1466,69): warning C4267: 'argumento': conversão de 'size_t' para 'int', possível perda de dados
C:\Users\mario\Documents\GitHub\CGJ_MicroMachines\CGJApp\CGJApp\MainFile.cpp(1472,69): warning C4267: 'argumento': conversão de 'size_t' para 'int', possível perda de dados
C:\Users\mario\Documents\GitHub\CGJ_MicroMachines\CGJApp\CGJApp\MainFile.cpp(1478,69): warning C4267: 'argumento': conversão de 'size_t' para 'int', possível perda de dados
C:\Users\mario\Documents\GitHub\CGJ_MicroMachines\CGJApp\CGJApp\MainFile.cpp(1484,69): warning C4267: 'argumento': conversão de 'size_t' para 'int', possível perda de dados
C:\Users\mario\Documents\GitHub\CGJ_MicroMachines\CGJApp\CGJApp\MainFile.cpp(1490,69): warning C4267: 'argumento': conversão de 'size_t' para 'int', possível perda de dados
C:\Users\mario\Documents\GitHub\CGJ_MicroMachines\CGJApp\CGJApp\MainFile.cpp(1496,69): warning C4267: 'argumento': conversão de 'size_t' para 'int', possível perda de dados
C:\Users\mario\Documents\GitHub\CGJ_MicroMachines\CGJApp\CGJApp\MainFile.cpp(1511,68): warning C4267: 'argumento': conversão de 'size_t' para 'int', possível perda de dados
C:\Users\mario\Documents\GitHub\CGJ_MicroMachines\CGJApp\CGJApp\MainFile.cpp(1516,69): warning C4267: 'argumento': conversão de 'size_t' para 'int', possível perda de dados
C:\Users\mario\Documents\GitHub\CGJ_MicroMachines\CGJApp\CGJApp\MainFile.cpp(1523,68): warning C4267: 'argumento': conversão de 'size_t' para 'int', possível perda de dados
C:\Users\mario\Documents\GitHub\CGJ_MicroMachines\CGJApp\CGJApp\MainFile.cpp(1528,69): warning C4267: 'argumento': conversão de 'size_t' para 'int', possível perda de dados
C:\Users\mario\Documents\GitHub\CGJ_MicroMachines\CGJApp\CGJApp\MainFile.cpp(1535,68): warning C4267: 'argumento': conversão de 'size_t' para 'int', possível perda de dados
C:\Users\mario\Documents\GitHub\CGJ_MicroMachines\CGJApp\CGJApp\MainFile.cpp(1540,69): warning C4267: 'argumento': conversão de 'size_t' para 'int', possível perda de dados
C:\Users\mario\Documents\GitHub\CGJ_MicroMachines\CGJApp\CGJApp\MainFile.cpp(1547,68): warning C4267: 'argumento': conversão de 'size_t' para 'int', possível perda de dados
C:\Users\mario\Documents\GitHub\CGJ_MicroMachines\CGJApp\CGJApp\MainFile.cpp(1552,69): warning C4267: 'argumento': conversão de 'size_t' para 'int', possível perda de dados
C:\Users\mario\Documents\GitHub\CGJ_MicroMachines\CGJApp\CGJApp\MainFile.cpp(1559,68): warning C4267: 'argumento': conversão de 'size_t' para 'int', possível perda de dados
C:\Users\mario\Documents\GitHub\CGJ_MicroMachines\CGJApp\CGJApp\MainFile.cpp(1564,69): warning C4267: 'argumento': conversão de 'size_t' para 'int', possível perda de dados
C:\Users\mario\Documents\GitHub\CGJ_MicroMachines\CGJApp\CGJApp\MainFile.cpp(1571,68): warning C4267: 'argumento': conversão de 'size_t' para 'int', possível perda de dados
C:\Users\mario\Documents\GitHub\CGJ_MicroMachines\CGJApp\CGJApp\MainFile.cpp(1576,69): warning C4267: 'argumento': conversão de 'size_t' para 'int', possível perda de dados
C:\Users\mario\Documents\GitHub\CGJ_MicroMachines\CGJApp\CGJApp\MainFile.cpp(1583,68): warning C4267: 'argumento': conversão de 'size_t' para 'int', possível perda de dados
C:\Users\mario\Documents\GitHub\CGJ_MicroMachines\CGJApp\CGJApp\MainFile.cpp(1588,69): warning C4267: 'argumento': conversão de 'size_t' para 'int', possível perda de dados
C:\Users\mario\Documents\GitHub\CGJ_MicroMachines\CGJApp\CGJApp\MainFile.cpp(1595,68): warning C4267: 'argumento': conversão de 'size_t' para 'int', possível perda de dados
C:\Users\mario\Documents\GitHub\CGJ_MicroMachines\CGJApp\CGJApp\MainFile.cpp(1600,69): warning C4267: 'argumento': conversão de 'size_t' para 'int', possível perda de dados
C:\Users\mario\Documents\GitHub\CGJ_MicroMachines\CGJApp\CGJApp\MainFile.cpp(1607,68): warning C4267: 'argumento': conversão de 'size_t' para 'int', possível perda de dados
C:\Users\mario\Documents\GitHub\CGJ_MicroMachines\CGJApp\CGJApp\MainFile.cpp(1612,69): warning C4267: 'argumento': conversão de 'size_t' para 'int', possível perda de dados
C:\Users\mario\Documents\GitHub\CGJ_MicroMachines\CGJApp\CGJApp\MainFile.cpp(1619,68): warning C4267: 'argumento': conversão de 'size_t' para 'int', possível perda de dados
C:\Users\mario\Documents\GitHub\CGJ_MicroMachines\CGJApp\CGJApp\MainFile.cpp(1624,69): warning C4267: 'argumento': conversão de 'size_t' para 'int', possível perda de dados
C:\Users\mario\Documents\GitHub\CGJ_MicroMachines\CGJApp\CGJApp\MainFile.cpp(1631,68): warning C4267: 'argumento': conversão de 'size_t' para 'int', possível perda de dados
C:\Users\mario\Documents\GitHub\CGJ_MicroMachines\CGJApp\CGJApp\MainFile.cpp(1636,69): warning C4267: 'argumento': conversão de 'size_t' para 'int', possível perda de dados
C:\Users\mario\Documents\GitHub\CGJ_MicroMachines\CGJApp\CGJApp\MainFile.cpp(1643,68): warning C4267: 'argumento': conversão de 'size_t' para 'int', possível perda de dados
C:\Users\mario\Documents\GitHub\CGJ_MicroMachines\CGJApp\CGJApp\MainFile.cpp(1648,69): warning C4267: 'argumento': conversão de 'size_t' para 'int', possível perda de dados
C:\Users\mario\Documents\GitHub\CGJ_MicroMachines\CGJApp\CGJApp\MainFile.cpp(1658,69): warning C4267: 'argumento': conversão de 'size_t' para 'int', possível perda de dados
C:\Users\mario\Documents\GitHub\CGJ_MicroMachines\CGJApp\CGJApp\MainFile.cpp(1664,69): warning C4267: 'argumento': conversão de 'size_t' para 'int', possível perda de dados
C:\Users\mario\Documents\GitHub\CGJ_MicroMachines\CGJApp\CGJApp\MainFile.cpp(1670,69): warning C4267: 'argumento': conversão de 'size_t' para 'int', possível perda de dados
C:\Users\mario\Documents\GitHub\CGJ_MicroMachines\CGJApp\CGJApp\MainFile.cpp(1676,69): warning C4267: 'argumento': conversão de 'size_t' para 'int', possível perda de dados
C:\Users\mario\Documents\GitHub\CGJ_MicroMachines\CGJApp\CGJApp\MainFile.cpp(1682,69): warning C4267: 'argumento': conversão de 'size_t' para 'int', possível perda de dados
C:\Users\mario\Documents\GitHub\CGJ_MicroMachines\CGJApp\CGJApp\MainFile.cpp(1688,69): warning C4267: 'argumento': conversão de 'size_t' para 'int', possível perda de dados
C:\Users\mario\Documents\GitHub\CGJ_MicroMachines\CGJApp\CGJApp\MainFile.cpp(1695,69): warning C4267: 'argumento': conversão de 'size_t' para 'int', possível perda de dados
C:\Users\mario\Documents\GitHub\CGJ_MicroMachines\CGJApp\CGJApp\MainFile.cpp(1710,69): warning C4267: 'argumento': conversão de 'size_t' para 'int', possível perda de dados
C:\Users\mario\Documents\GitHub\CGJ_MicroMachines\CGJApp\CGJApp\MainFile.cpp(1715,69): warning C4267: 'argumento': conversão de 'size_t' para 'int', possível perda de dados
C:\Users\mario\Documents\GitHub\CGJ_MicroMachines\CGJApp\CGJApp\MainFile.cpp(1722,69): warning C4267: 'argumento': conversão de 'size_t' para 'int', possível perda de dados
C:\Users\mario\Documents\GitHub\CGJ_MicroMachines\CGJApp\CGJApp\MainFile.cpp(1727,69): warning C4267: 'argumento': conversão de 'size_t' para 'int', possível perda de dados
C:\Users\mario\Documents\GitHub\CGJ_MicroMachines\CGJApp\CGJApp\MainFile.cpp(1734,69): warning C4267: 'argumento': conversão de 'size_t' para 'int', possível perda de dados
C:\Users\mario\Documents\GitHub\CGJ_MicroMachines\CGJApp\CGJApp\MainFile.cpp(1739,69): warning C4267: 'argumento': conversão de 'size_t' para 'int', possível perda de dados
C:\Users\mario\Documents\GitHub\CGJ_MicroMachines\CGJApp\CGJApp\MainFile.cpp(1746,69): warning C4267: 'argumento': conversão de 'size_t' para 'int', possível perda de dados
C:\Users\mario\Documents\GitHub\CGJ_MicroMachines\CGJApp\CGJApp\MainFile.cpp(1751,69): warning C4267: 'argumento': conversão de 'size_t' para 'int', possível perda de dados
C:\Users\mario\Documents\GitHub\CGJ_MicroMachines\CGJApp\CGJApp\MainFile.cpp(1758,69): warning C4267: 'argumento': conversão de 'size_t' para 'int', possível perda de dados
C:\Users\mario\Documents\GitHub\CGJ_MicroMachines\CGJApp\CGJApp\MainFile.cpp(1763,69): warning C4267: 'argumento': conversão de 'size_t' para 'int', possível perda de dados
C:\Users\mario\Documents\GitHub\CGJ_MicroMachines\CGJApp\CGJApp\MainFile.cpp(1770,69): warning C4267: 'argumento': conversão de 'size_t' para 'int', possível perda de dados
C:\Users\mario\Documents\GitHub\CGJ_MicroMachines\CGJApp\CGJApp\MainFile.cpp(1775,69): warning C4267: 'argumento': conversão de 'size_t' para 'int', possível perda de dados
C:\Users\mario\Documents\GitHub\CGJ_MicroMachines\CGJApp\CGJApp\MainFile.cpp(1782,69): warning C4267: 'argumento': conversão de 'size_t' para 'int', possível perda de dados
C:\Users\mario\Documents\GitHub\CGJ_MicroMachines\CGJApp\CGJApp\MainFile.cpp(1787,69): warning C4267: 'argumento': conversão de 'size_t' para 'int', possível perda de dados
C:\Users\mario\Documents\GitHub\CGJ_MicroMachines\CGJApp\CGJApp\MainFile.cpp(1794,69): warning C4267: 'argumento': conversão de 'size_t' para 'int', possível perda de dados
C:\Users\mario\Documents\GitHub\CGJ_MicroMachines\CGJApp\CGJApp\MainFile.cpp(1799,69): warning C4267: 'argumento': conversão de 'size_t' para 'int', possível perda de dados
C:\Users\mario\Documents\GitHub\CGJ_MicroMachines\CGJApp\CGJApp\MainFile.cpp(1806,69): warning C4267: 'argumento': conversão de 'size_t' para 'int', possível perda de dados
C:\Users\mario\Documents\GitHub\CGJ_MicroMachines\CGJApp\CGJApp\MainFile.cpp(1811,69): warning C4267: 'argumento': conversão de 'size_t' para 'int', possível perda de dados
C:\Users\mario\Documents\GitHub\CGJ_MicroMachines\CGJApp\CGJApp\MainFile.cpp(1833,84): warning C4267: 'argumento': conversão de 'size_t' para 'int', possível perda de dados
C:\Users\mario\Documents\GitHub\CGJ_MicroMachines\CGJApp\CGJApp\MainFile.cpp(1837,84): warning C4267: 'argumento': conversão de 'size_t' para 'int', possível perda de dados
C:\Users\mario\Documents\GitHub\CGJ_MicroMachines\CGJApp\CGJApp\MainFile.cpp(1841,84): warning C4267: 'argumento': conversão de 'size_t' para 'int', possível perda de dados
C:\Users\mario\Documents\GitHub\CGJ_MicroMachines\CGJApp\CGJApp\MainFile.cpp(1845,84): warning C4267: 'argumento': conversão de 'size_t' para 'int', possível perda de dados
C:\Users\mario\Documents\GitHub\CGJ_MicroMachines\CGJApp\CGJApp\MainFile.cpp(1849,84): warning C4267: 'argumento': conversão de 'size_t' para 'int', possível perda de dados
C:\Users\mario\Documents\GitHub\CGJ_MicroMachines\CGJApp\CGJApp\MainFile.cpp(1853,84): warning C4267: 'argumento': conversão de 'size_t' para 'int', possível perda de dados
C:\Users\mario\Documents\GitHub\CGJ_MicroMachines\CGJApp\CGJApp\MainFile.cpp(1857,84): warning C4267: 'argumento': conversão de 'size_t' para 'int', possível perda de dados
C:\Users\mario\Documents\GitHub\CGJ_MicroMachines\CGJApp\CGJApp\MainFile.cpp(1861,84): warning C4267: 'argumento': conversão de 'size_t' para 'int', possível perda de dados
C:\Users\mario\Documents\GitHub\CGJ_MicroMachines\CGJApp\CGJApp\MainFile.cpp(1865,84): warning C4267: 'argumento': conversão de 'size_t' para 'int', possível perda de dados
C:\Users\mario\Documents\GitHub\CGJ_MicroMachines\CGJApp\CGJApp\MainFile.cpp(1869,85): warning C4267: 'argumento': conversão de 'size_t' para 'int', possível perda de dados
C:\Users\mario\Documents\GitHub\CGJ_MicroMachines\CGJApp\CGJApp\MainFile.cpp(1873,85): warning C4267: 'argumento': conversão de 'size_t' para 'int', possível perda de dados
C:\Users\mario\Documents\GitHub\CGJ_MicroMachines\CGJApp\CGJApp\MainFile.cpp(1877,85): warning C4267: 'argumento': conversão de 'size_t' para 'int', possível perda de dados
C:\Users\mario\Documents\GitHub\CGJ_MicroMachines\CGJApp\CGJApp\MainFile.cpp(1881,85): warning C4267: 'argumento': conversão de 'size_t' para 'int', possível perda de dados
C:\Users\mario\Documents\GitHub\CGJ_MicroMachines\CGJApp\CGJApp\MainFile.cpp(1885,85): warning C4267: 'argumento': conversão de 'size_t' para 'int', possível perda de dados
C:\Users\mario\Documents\GitHub\CGJ_MicroMachines\CGJApp\CGJApp\MainFile.cpp(1889,85): warning C4267: 'argumento': conversão de 'size_t' para 'int', possível perda de dados
C:\Users\mario\Documents\GitHub\CGJ_MicroMachines\CGJApp\CGJApp\MainFile.cpp(1895,91): warning C4267: 'argumento': conversão de 'size_t' para 'int', possível perda de dados
C:\Users\mario\Documents\GitHub\CGJ_MicroMachines\CGJApp\CGJApp\MainFile.cpp(1900,91): warning C4267: 'argumento': conversão de 'size_t' para 'int', possível perda de dados
C:\Users\mario\Documents\GitHub\CGJ_MicroMachines\CGJApp\CGJApp\MainFile.cpp(1905,91): warning C4267: 'argumento': conversão de 'size_t' para 'int', possível perda de dados
C:\Users\mario\Documents\GitHub\CGJ_MicroMachines\CGJApp\CGJApp\MainFile.cpp(1910,91): warning C4267: 'argumento': conversão de 'size_t' para 'int', possível perda de dados
C:\Users\mario\Documents\GitHub\CGJ_MicroMachines\CGJApp\CGJApp\MainFile.cpp(1915,91): warning C4267: 'argumento': conversão de 'size_t' para 'int', possível perda de dados
C:\Users\mario\Documents\GitHub\CGJ_MicroMachines\CGJApp\CGJApp\MainFile.cpp(1920,91): warning C4267: 'argumento': conversão de 'size_t' para 'int', possível perda de dados
C:\Users\mario\Documents\GitHub\CGJ_MicroMachines\CGJApp\CGJApp\MainFile.cpp(1925,91): warning C4267: 'argumento': conversão de 'size_t' para 'int', possível perda de dados
C:\Users\mario\Documents\GitHub\CGJ_MicroMachines\CGJApp\CGJApp\MainFile.cpp(1931,97): warning C4267: 'argumento': conversão de 'size_t' para 'int', possível perda de dados
C:\Users\mario\Documents\GitHub\CGJ_MicroMachines\CGJApp\CGJApp\MainFile.cpp(966,9): warning C4101: 'amesh': variável local não referenciada
  CGJApp.vcxproj -> C:\Users\mario\Documents\GitHub\CGJ_MicroMachines\CGJApp\x64\Debug\CGJApp.exe
  0 File(s) copied
